Port 5173 is in use, trying another one...
Port 5174 is in use, trying another one...
Port 5175 is in use, trying another one...

  VITE v5.4.21  ready in 326 ms

  ➜  Local:   http://localhost:5176/
  ➜  Network: use --host to expose
Error: The following dependencies are imported but could not be resolved:

  marked (imported by /data/data/com.termux/files/home/ALGO_COACH/frontend/src/pages/admin/NoteReview.vue?id=0)

Are they installed?
    at file:///data/data/com.termux/files/home/ALGO_COACH/frontend/node_modules/vite/dist/node/chunks/dep-BK3b2jBa.js:50669:15
    at process.processTicksAndRejections (node:internal/process/task_queues:103:5)
    at async file:///data/data/com.termux/files/home/ALGO_COACH/frontend/node_modules/vite/dist/node/chunks/dep-BK3b2jBa.js:50174:26
7:31:02 AM [vite] ✨ optimized dependencies changed. reloading
7:33:32 AM [vite] ✨ new dependencies optimized: axios
7:33:32 AM [vite] ✨ optimized dependencies changed. reloading
7:49:20 AM [vite] hmr update /src/pages/user/Login.vue
7:49:25 AM [vite] hmr update /src/pages/user/Login.vue
7:49:32 AM [vite] hmr update /src/pages/user/Login.vue?vue&type=style&index=0&scoped=87b4ba57&lang.css
7:51:59 AM [vite] hmr update /src/pages/user/Login.vue
7:53:04 AM [vite] page reload test-login.html
7:55:51 AM [vite] page reload test-login2.html
7:58:00 AM [vite] hmr update /src/pages/Home.vue
7:58:06 AM [vite] hmr update /src/pages/Home.vue?vue&type=style&index=0&scoped=933e9cdf&lang.css
7:58:15 AM [vite] hmr update /src/pages/Home.vue?vue&type=style&index=0&scoped=933e9cdf&lang.css
8:04:01 AM [vite] hmr update /src/pages/coach/Index.vue
4:15:56 PM [vite] page reload index.html
4:17:15 PM [vite] Internal server error: Unable to parse HTML; parse5 error code invalid-first-character-of-tag-name
 at /data/data/com.termux/files/home/ALGO_COACH/frontend/index.html:369:110
367|      <div class="floating-element floating-code" style="top: 40%; right: 15%; animation-delay: -5s;">dp[i] = dp[i-1] + 1</div>
368|      <div class="floating-element floating-code" style="top: 70%; left: 20%; animation-delay: -10s;">return ans</div>
369|      <div class="floating-element floating-code" style="top: 30%; right: 25%; animation-delay: -3s;">if (low < high)</div>
   |                                                                                                               ^
370|      <div class="floating-element floating-code" style="top: 80%; right: 10%; animation-delay: -7s;">queue.push(node)</div>
371|  
   at /data/data/com.termux/files/home/ALGO_COACH/frontend/index.html:369:110
      at handleParseError (file:///data/data/com.termux/files/home/ALGO_COACH/frontend/node_modules/vite/dist/node/chunks/dep-BK3b2jBa.js:35172:9)
      at Parser.onParseError (file:///data/data/com.termux/files/home/ALGO_COACH/frontend/node_modules/vite/dist/node/chunks/dep-BK3b2jBa.js:35097:7)
      at Tokenizer._err (file:///data/data/com.termux/files/home/ALGO_COACH/frontend/node_modules/vite/dist/node/chunks/dep-D-7KCb9p.js:1155:89)
      at Tokenizer._stateTagOpen (file:///data/data/com.termux/files/home/ALGO_COACH/frontend/node_modules/vite/dist/node/chunks/dep-D-7KCb9p.js:1983:26)
      at Tokenizer._callState (file:///data/data/com.termux/files/home/ALGO_COACH/frontend/node_modules/vite/dist/node/chunks/dep-D-7KCb9p.js:1534:22)
      at Tokenizer._runParsingLoop (file:///data/data/com.termux/files/home/ALGO_COACH/frontend/node_modules/vite/dist/node/chunks/dep-D-7KCb9p.js:1179:22)
      at Tokenizer.write (file:///data/data/com.termux/files/home/ALGO_COACH/frontend/node_modules/vite/dist/node/chunks/dep-D-7KCb9p.js:1204:14)
      at Parser.parse (file:///data/data/com.termux/files/home/ALGO_COACH/frontend/node_modules/vite/dist/node/chunks/dep-D-7KCb9p.js:4886:26)
      at parse (file:///data/data/com.termux/files/home/ALGO_COACH/frontend/node_modules/vite/dist/node/chunks/dep-D-7KCb9p.js:7957:19)
      at traverseHtml (file:///data/data/com.termux/files/home/ALGO_COACH/frontend/node_modules/vite/dist/node/chunks/dep-BK3b2jBa.js:35092:15)
4:17:15 PM [vite] Internal server error: Unable to parse HTML; parse5 error code invalid-first-character-of-tag-name
 at /data/data/com.termux/files/home/ALGO_COACH/frontend/index.html:369:110
367|      <div class="floating-element floating-code" style="top: 40%; right: 15%; animation-delay: -5s;">dp[i] = dp[i-1] + 1</div>
368|      <div class="floating-element floating-code" style="top: 70%; left: 20%; animation-delay: -10s;">return ans</div>
369|      <div class="floating-element floating-code" style="top: 30%; right: 25%; animation-delay: -3s;">if (low < high)</div>
   |                                                                                                               ^
370|      <div class="floating-element floating-code" style="top: 80%; right: 10%; animation-delay: -7s;">queue.push(node)</div>
371|  
   at /data/data/com.termux/files/home/ALGO_COACH/frontend/index.html:369:110
      at handleParseError (file:///data/data/com.termux/files/home/ALGO_COACH/frontend/node_modules/vite/dist/node/chunks/dep-BK3b2jBa.js:35172:9)
      at Parser.onParseError (file:///data/data/com.termux/files/home/ALGO_COACH/frontend/node_modules/vite/dist/node/chunks/dep-BK3b2jBa.js:35097:7)
      at Tokenizer._err (file:///data/data/com.termux/files/home/ALGO_COACH/frontend/node_modules/vite/dist/node/chunks/dep-D-7KCb9p.js:1155:89)
      at Tokenizer._stateTagOpen (file:///data/data/com.termux/files/home/ALGO_COACH/frontend/node_modules/vite/dist/node/chunks/dep-D-7KCb9p.js:1983:26)
      at Tokenizer._callState (file:///data/data/com.termux/files/home/ALGO_COACH/frontend/node_modules/vite/dist/node/chunks/dep-D-7KCb9p.js:1534:22)
      at Tokenizer._runParsingLoop (file:///data/data/com.termux/files/home/ALGO_COACH/frontend/node_modules/vite/dist/node/chunks/dep-D-7KCb9p.js:1179:22)
      at Tokenizer.write (file:///data/data/com.termux/files/home/ALGO_COACH/frontend/node_modules/vite/dist/node/chunks/dep-D-7KCb9p.js:1204:14)
      at Parser.parse (file:///data/data/com.termux/files/home/ALGO_COACH/frontend/node_modules/vite/dist/node/chunks/dep-D-7KCb9p.js:4886:26)
      at parse (file:///data/data/com.termux/files/home/ALGO_COACH/frontend/node_modules/vite/dist/node/chunks/dep-D-7KCb9p.js:7957:19)
      at traverseHtml (file:///data/data/com.termux/files/home/ALGO_COACH/frontend/node_modules/vite/dist/node/chunks/dep-BK3b2jBa.js:35092:15)
4:17:20 PM [vite] Internal server error: Unable to parse HTML; parse5 error code invalid-first-character-of-tag-name
 at /data/data/com.termux/files/home/ALGO_COACH/frontend/index.html:369:110
367|      <div class="floating-element floating-code" style="top: 40%; right: 15%; animation-delay: -5s;">dp[i] = dp[i-1] + 1</div>
368|      <div class="floating-element floating-code" style="top: 70%; left: 20%; animation-delay: -10s;">return ans</div>
369|      <div class="floating-element floating-code" style="top: 30%; right: 25%; animation-delay: -3s;">if (low < high)</div>
   |                                                                                                               ^
370|      <div class="floating-element floating-code" style="top: 80%; right: 10%; animation-delay: -7s;">queue.push(node)</div>
371|  
   at /data/data/com.termux/files/home/ALGO_COACH/frontend/index.html:369:110
      at handleParseError (file:///data/data/com.termux/files/home/ALGO_COACH/frontend/node_modules/vite/dist/node/chunks/dep-BK3b2jBa.js:35172:9)
      at Parser.onParseError (file:///data/data/com.termux/files/home/ALGO_COACH/frontend/node_modules/vite/dist/node/chunks/dep-BK3b2jBa.js:35097:7)
      at Tokenizer._err (file:///data/data/com.termux/files/home/ALGO_COACH/frontend/node_modules/vite/dist/node/chunks/dep-D-7KCb9p.js:1155:89)
      at Tokenizer._stateTagOpen (file:///data/data/com.termux/files/home/ALGO_COACH/frontend/node_modules/vite/dist/node/chunks/dep-D-7KCb9p.js:1983:26)
      at Tokenizer._callState (file:///data/data/com.termux/files/home/ALGO_COACH/frontend/node_modules/vite/dist/node/chunks/dep-D-7KCb9p.js:1534:22)
      at Tokenizer._runParsingLoop (file:///data/data/com.termux/files/home/ALGO_COACH/frontend/node_modules/vite/dist/node/chunks/dep-D-7KCb9p.js:1179:22)
      at Tokenizer.write (file:///data/data/com.termux/files/home/ALGO_COACH/frontend/node_modules/vite/dist/node/chunks/dep-D-7KCb9p.js:1204:14)
      at Parser.parse (file:///data/data/com.termux/files/home/ALGO_COACH/frontend/node_modules/vite/dist/node/chunks/dep-D-7KCb9p.js:4886:26)
      at parse (file:///data/data/com.termux/files/home/ALGO_COACH/frontend/node_modules/vite/dist/node/chunks/dep-D-7KCb9p.js:7957:19)
      at traverseHtml (file:///data/data/com.termux/files/home/ALGO_COACH/frontend/node_modules/vite/dist/node/chunks/dep-BK3b2jBa.js:35092:15)
